\BOOKMARK [0][-]{chapter.1}{Introduction}{}% 1
\BOOKMARK [1][-]{section.1.1}{Sujet et Grandes Lignes}{chapter.1}% 2
\BOOKMARK [1][-]{section.1.2}{Mise en Place du projet}{chapter.1}% 3
\BOOKMARK [0][-]{chapter.2}{L-Syst\350me}{}% 4
\BOOKMARK [1][-]{section.2.1}{D\351finition et Fonctionnement}{chapter.2}% 5
\BOOKMARK [2][-]{subsection.2.1.1}{De quoi s\220agit-il ?}{section.2.1}% 6
\BOOKMARK [2][-]{subsection.2.1.2}{Principe de Fonctionnement}{section.2.1}% 7
\BOOKMARK [1][-]{section.2.2}{L-Syst\350me Utilis\351}{chapter.2}% 8
\BOOKMARK [0][-]{chapter.3}{Organisation du Projet}{}% 9
\BOOKMARK [1][-]{section.3.1}{R\351partition des taches}{chapter.3}% 10
\BOOKMARK [1][-]{section.3.2}{Architecture du Programme}{chapter.3}% 11
\BOOKMARK [0][-]{chapter.4}{\311l\351ment Technique}{}% 12
\BOOKMARK [1][-]{section.4.1}{Parseur}{chapter.4}% 13
\BOOKMARK [1][-]{section.4.2}{Rule}{chapter.4}% 14
\BOOKMARK [1][-]{section.4.3}{Interface}{chapter.4}% 15
\BOOKMARK [2][-]{subsection.4.3.1}{FenetrePrincipale:}{section.4.3}% 16
\BOOKMARK [2][-]{subsection.4.3.2}{Configuration:}{section.4.3}% 17
\BOOKMARK [2][-]{subsection.4.3.3}{Menu:}{section.4.3}% 18
\BOOKMARK [2][-]{subsection.4.3.4}{Rendu:}{section.4.3}% 19
\BOOKMARK [1][-]{section.4.4}{Moteur graphique}{chapter.4}% 20
\BOOKMARK [2][-]{subsection.4.4.1}{Rendu2D}{section.4.4}% 21
\BOOKMARK [2][-]{subsection.4.4.2}{Rendu3D}{section.4.4}% 22
\BOOKMARK [0][-]{chapter.5}{Exp\351rimentations et Usages}{}% 23
\BOOKMARK [1][-]{section.5.1}{Utilisation}{chapter.5}% 24
\BOOKMARK [1][-]{section.5.2}{Lancement de l'application}{chapter.5}% 25
\BOOKMARK [1][-]{section.5.3}{Fonctionnement de l'interface Graphique}{chapter.5}% 26
\BOOKMARK [1][-]{section.5.4}{Navigation dans l'interface graphique 3D}{chapter.5}% 27
\BOOKMARK [1][-]{section.5.5}{Test du logiciel}{chapter.5}% 28
\BOOKMARK [2][-]{subsection.5.5.1}{Possible probl\350me}{section.5.5}% 29
\BOOKMARK [2][-]{subsection.5.5.2}{Test du logiciel}{section.5.5}% 30
\BOOKMARK [0][-]{chapter.6}{Conclusion}{}% 31
\BOOKMARK [1][-]{section.6.1}{Bilan de nos travaux}{chapter.6}% 32
\BOOKMARK [1][-]{section.6.2}{Am\351liorations possibles}{chapter.6}% 33
